#
# There is insufficient memory for the Java Runtime Environment to continue.
# Native memory allocation (malloc) failed to allocate 524304 bytes for Chunk::new
# Possible reasons:
#   The system is out of physical RAM or swap space
#   In 32 bit mode, the process size limit was hit
# Possible solutions:
#   Reduce memory load on the system
#   Increase physical memory or swap space
#   Check if swap backing store is full
#   Use 64 bit Java on a 64 bit OS
#   Decrease Java heap size (-Xmx/-Xms)
#   Decrease number of Java threads
#   Decrease Java thread stack sizes (-Xss)
#   Set larger code cache with -XX:ReservedCodeCacheSize=
# This output file may be truncated or incomplete.
#
#  Out of Memory Error (allocation.cpp:390), pid=19936, tid=0x0000000000002320
#
# JRE version: Java(TM) SE Runtime Environment (8.0_121-b13) (build 1.8.0_121-b13)
# Java VM: Java HotSpot(TM) 64-Bit Server VM (25.121-b13 mixed mode windows-amd64 compressed oops)
# Failed to write core dump. Minidumps are not enabled by default on client versions of Windows
#

---------------  T H R E A D  ---------------

Current thread (0x0000000017142000):  JavaThread "C2 CompilerThread1" daemon [_thread_in_native, id=8992, stack(0x0000000017540000,0x0000000017640000)]

Stack: [0x0000000017540000,0x0000000017640000]
[error occurred during error reporting (printing stack bounds), id 0xc0000005]

Native frames: (J=compiled Java code, j=interpreted, Vv=VM code, C=native code)


Current CompileTask:
C2:   6604 3132   !   4       java.net.URLClassLoader$1::run (63 bytes)


---------------  P R O C E S S  ---------------

Java Threads: ( => current thread )
  0x0000000019107000 JavaThread "File lock request listener" [_thread_in_native, id=7444, stack(0x000000001ce30000,0x000000001cf30000)]
  0x0000000019103000 JavaThread "pool-1-thread-1" [_thread_blocked, id=20184, stack(0x0000000018140000,0x0000000018240000)]
  0x00000000171d3800 JavaThread "Service Thread" daemon [_thread_blocked, id=19000, stack(0x0000000017740000,0x0000000017840000)]
  0x0000000017143000 JavaThread "C1 CompilerThread2" daemon [_thread_blocked, id=16380, stack(0x0000000017640000,0x0000000017740000)]
=>0x0000000017142000 JavaThread "C2 CompilerThread1" daemon [_thread_in_native, id=8992, stack(0x0000000017540000,0x0000000017640000)]
  0x0000000015b3b000 JavaThread "C2 CompilerThread0" daemon [_thread_in_native, id=9848, stack(0x0000000017040000,0x0000000017140000)]
  0x0000000015b39800 JavaThread "Attach Listener" daemon [_thread_blocked, id=9136, stack(0x0000000016f40000,0x0000000017040000)]
  0x0000000015aeb000 JavaThread "Signal Dispatcher" daemon [_thread_blocked, id=20244, stack(0x0000000016e40000,0x0000000016f40000)]
  0x0000000015aca800 JavaThread "Finalizer" daemon [_thread_blocked, id=12912, stack(0x0000000016d40000,0x0000000016e40000)]
  0x000000000352f000 JavaThread "Reference Handler" daemon [_thread_blocked, id=9212, stack(0x0000000016c40000,0x0000000016d40000)]
  0x0000000003441000 JavaThread "main" [_thread_in_vm, id=15868, stack(0x0000000003270000,0x0000000003370000)]

Other Threads:
  0x0000000015aa8000 VMThread [stack: 0x0000000016b40000,0x0000000016c40000] [id=19996]
  0x000000001721c800 WatcherThread [stack: 0x0000000017840000,0x0000000017940000] [id=16736]

VM state:not at safepoint (normal execution)

VM Mutex/Monitor currently owned by a thread: None

Heap:
 PSYoungGen      total 88064K, used 71242K [0x00000000eb580000, 0x00000000f1500000, 0x0000000100000000)
  eden space 80384K, 79% used [0x00000000eb580000,0x00000000ef396cf8,0x00000000f0400000)
  from space 7680K, 99% used [0x00000000f0d00000,0x00000000f147bd10,0x00000000f1480000)
  to   space 8704K, 0% used [0x00000000f0400000,0x00000000f0400000,0x00000000f0c80000)
 ParOldGen       total 36864K, used 9947K [0x00000000c2000000, 0x00000000c4400000, 0x00000000eb580000)
  object space 36864K, 26% used [0x00000000c2000000,0x00000000c29b6d90,0x00000000c4400000)
 Metaspace       used 34037K, capacity 34560K, committed 35072K, reserved 1079296K
  class space    used 4652K, capacity 4813K, committed 4864K, reserved 1048576K

Card table byte_map: [0x0000000012900000,0x0000000012b00000] byte_map_base: 0x00000000122f0000

Marking Bits: (ParMarkBitMap*) 0x0000000058ffb6d0
 Begin Bits: [0x0000000013050000, 0x0000000013fd0000)
 End Bits:   [0x0000000013fd0000, 0x0000000014f50000)

Polling page: 0x0000000002e40000

CodeCache: size=245760Kb used=12269Kb max_used=12269Kb free=233491Kb
 bounds [0x0000000003540000, 0x0000000004150000, 0x0000000012540000]
 total_blobs=3983 nmethods=3310 adapters=584
 compilation: enabled

Compilation events (10 events):
Event: 6.582 Thread 0x0000000017143000 nmethod 3325 0x0000000004134b90 code [0x0000000004134ec0, 0x0000000004136fd8]
Event: 6.583 Thread 0x0000000017143000 3326       2       java.lang.Enum::hashCode (5 bytes)
Event: 6.583 Thread 0x0000000017143000 nmethod 3326 0x0000000004138890 code [0x0000000004138a00, 0x0000000004138b68]
Event: 6.583 Thread 0x0000000017143000 3327       1       org.gradle.model.internal.core.AbstractModelAction::getSubject (5 bytes)
Event: 6.583 Thread 0x0000000017143000 nmethod 3327 0x0000000004138c10 code [0x0000000004138d60, 0x0000000004138e70]
Event: 6.583 Thread 0x0000000017143000 3328       2       org.gradle.model.internal.registry.ModelNodeInternal::isAtLeast (17 bytes)
Event: 6.583 Thread 0x0000000017143000 nmethod 3328 0x0000000004138ed0 code [0x0000000004139040, 0x00000000041391f8]
Event: 6.584 Thread 0x0000000017143000 3329       1       java.lang.invoke.MethodType::parameterType (7 bytes)
Event: 6.584 Thread 0x0000000017143000 nmethod 3329 0x00000000041392d0 code [0x0000000004139420, 0x0000000004139550]
Event: 6.585 Thread 0x0000000017143000 3330       2       com.google.common.base.Splitter::splitToList (49 bytes)

GC Heap History (10 events):
Event: 3.397 GC heap before
{Heap before GC invocations=7 (full 0):
 PSYoungGen      total 38400K, used 36803K [0x00000000eb580000, 0x00000000ee180000, 0x0000000100000000)
  eden space 31744K, 100% used [0x00000000eb580000,0x00000000ed480000,0x00000000ed480000)
  from space 6656K, 76% used [0x00000000edb00000,0x00000000edff0f58,0x00000000ee180000)
  to   space 6656K, 0% used [0x00000000ed480000,0x00000000ed480000,0x00000000edb00000)
 ParOldGen       total 42496K, used 8693K [0x00000000c2000000, 0x00000000c4980000, 0x00000000eb580000)
  object space 42496K, 20% used [0x00000000c2000000,0x00000000c287d638,0x00000000c4980000)
 Metaspace       used 20360K, capacity 20642K, committed 20864K, reserved 1067008K
  class space    used 2790K, capacity 2866K, committed 2944K, reserved 1048576K
Event: 3.411 GC heap after
Heap after GC invocations=7 (full 0):
 PSYoungGen      total 38400K, used 6430K [0x00000000eb580000, 0x00000000f0180000, 0x0000000100000000)
  eden space 31744K, 0% used [0x00000000eb580000,0x00000000eb580000,0x00000000ed480000)
  from space 6656K, 96% used [0x00000000ed480000,0x00000000edac7a58,0x00000000edb00000)
  to   space 7168K, 0% used [0x00000000efa80000,0x00000000efa80000,0x00000000f0180000)
 ParOldGen       total 42496K, used 9493K [0x00000000c2000000, 0x00000000c4980000, 0x00000000eb580000)
  object space 42496K, 22% used [0x00000000c2000000,0x00000000c2945728,0x00000000c4980000)
 Metaspace       used 20360K, capacity 20642K, committed 20864K, reserved 1067008K
  class space    used 2790K, capacity 2866K, committed 2944K, reserved 1048576K
}
Event: 3.531 GC heap before
{Heap before GC invocations=8 (full 0):
 PSYoungGen      total 38400K, used 12250K [0x00000000eb580000, 0x00000000f0180000, 0x0000000100000000)
  eden space 31744K, 18% used [0x00000000eb580000,0x00000000ebb2f128,0x00000000ed480000)
  from space 6656K, 96% used [0x00000000ed480000,0x00000000edac7a58,0x00000000edb00000)
  to   space 7168K, 0% used [0x00000000efa80000,0x00000000efa80000,0x00000000f0180000)
 ParOldGen       total 42496K, used 9493K [0x00000000c2000000, 0x00000000c4980000, 0x00000000eb580000)
  object space 42496K, 22% used [0x00000000c2000000,0x00000000c2945728,0x00000000c4980000)
 Metaspace       used 20854K, capacity 21120K, committed 21296K, reserved 1067008K
  class space    used 2877K, capacity 2939K, committed 2944K, reserved 1048576K
Event: 3.540 GC heap after
Heap after GC invocations=8 (full 0):
 PSYoungGen      total 70656K, used 4072K [0x00000000eb580000, 0x00000000f0180000, 0x0000000100000000)
  eden space 63488K, 0% used [0x00000000eb580000,0x00000000eb580000,0x00000000ef380000)
  from space 7168K, 56% used [0x00000000efa80000,0x00000000efe7a180,0x00000000f0180000)
  to   space 7168K, 0% used [0x00000000ef380000,0x00000000ef380000,0x00000000efa80000)
 ParOldGen       total 42496K, used 10165K [0x00000000c2000000, 0x00000000c4980000, 0x00000000eb580000)
  object space 42496K, 23% used [0x00000000c2000000,0x00000000c29ed728,0x00000000c4980000)
 Metaspace       used 20854K, capacity 21120K, committed 21296K, reserved 1067008K
  class space    used 2877K, capacity 2939K, committed 2944K, reserved 1048576K
}
Event: 3.540 GC heap before
{Heap before GC invocations=9 (full 1):
 PSYoungGen      total 70656K, used 4072K [0x00000000eb580000, 0x00000000f0180000, 0x0000000100000000)
  eden space 63488K, 0% used [0x00000000eb580000,0x00000000eb580000,0x00000000ef380000)
  from space 7168K, 56% used [0x00000000efa80000,0x00000000efe7a180,0x00000000f0180000)
  to   space 7168K, 0% used [0x00000000ef380000,0x00000000ef380000,0x00000000efa80000)
 ParOldGen       total 42496K, used 10165K [0x00000000c2000000, 0x00000000c4980000, 0x00000000eb580000)
  object space 42496K, 23% used [0x00000000c2000000,0x00000000c29ed728,0x00000000c4980000)
 Metaspace       used 20854K, capacity 21120K, committed 21296K, reserved 1067008K
  class space    used 2877K, capacity 2939K, committed 2944K, reserved 1048576K
Event: 3.631 GC heap after
Heap after GC invocations=9 (full 1):
 PSYoungGen      total 70656K, used 0K [0x00000000eb580000, 0x00000000f0180000, 0x0000000100000000)
  eden space 63488K, 0% used [0x00000000eb580000,0x00000000eb580000,0x00000000ef380000)
  from space 7168K, 0% used [0x00000000efa80000,0x00000000efa80000,0x00000000f0180000)
  to   space 7168K, 0% used [0x00000000ef380000,0x00000000ef380000,0x00000000efa80000)
 ParOldGen       total 36864K, used 9724K [0x00000000c2000000, 0x00000000c4400000, 0x00000000eb580000)
  object space 36864K, 26% used [0x00000000c2000000,0x00000000c297f188,0x00000000c4400000)
 Metaspace       used 20854K, capacity 21120K, committed 21296K, reserved 1067008K
  class space    used 2877K, capacity 2939K, committed 2944K, reserved 1048576K
}
Event: 4.506 GC heap before
{Heap before GC invocations=10 (full 1):
 PSYoungGen      total 70656K, used 63488K [0x00000000eb580000, 0x00000000f0180000, 0x0000000100000000)
  eden space 63488K, 100% used [0x00000000eb580000,0x00000000ef380000,0x00000000ef380000)
  from space 7168K, 0% used [0x00000000efa80000,0x00000000efa80000,0x00000000f0180000)
  to   space 7168K, 0% used [0x00000000ef380000,0x00000000ef380000,0x00000000efa80000)
 ParOldGen       total 36864K, used 9724K [0x00000000c2000000, 0x00000000c4400000, 0x00000000eb580000)
  object space 36864K, 26% used [0x00000000c2000000,0x00000000c297f188,0x00000000c4400000)
 Metaspace       used 26473K, capacity 26876K, committed 27264K, reserved 1073152K
  class space    used 3722K, capacity 3858K, committed 3968K, reserved 1048576K
Event: 4.511 GC heap after
Heap after GC invocations=10 (full 1):
 PSYoungGen      total 70656K, used 6264K [0x00000000eb580000, 0x00000000f1480000, 0x0000000100000000)
  eden space 63488K, 0% used [0x00000000eb580000,0x00000000eb580000,0x00000000ef380000)
  from space 7168K, 87% used [0x00000000ef380000,0x00000000ef99e350,0x00000000efa80000)
  to   space 7680K, 0% used [0x00000000f0d00000,0x00000000f0d00000,0x00000000f1480000)
 ParOldGen       total 36864K, used 9732K [0x00000000c2000000, 0x00000000c4400000, 0x00000000eb580000)
  object space 36864K, 26% used [0x00000000c2000000,0x00000000c2981188,0x00000000c4400000)
 Metaspace       used 26473K, capacity 26876K, committed 27264K, reserved 1073152K
  class space    used 3722K, capacity 3858K, committed 3968K, reserved 1048576K
}
Event: 5.754 GC heap before
{Heap before GC invocations=11 (full 1):
 PSYoungGen      total 70656K, used 69752K [0x00000000eb580000, 0x00000000f1480000, 0x0000000100000000)
  eden space 63488K, 100% used [0x00000000eb580000,0x00000000ef380000,0x00000000ef380000)
  from space 7168K, 87% used [0x00000000ef380000,0x00000000ef99e350,0x00000000efa80000)
  to   space 7680K, 0% used [0x00000000f0d00000,0x00000000f0d00000,0x00000000f1480000)
 ParOldGen       total 36864K, used 9732K [0x00000000c2000000, 0x00000000c4400000, 0x00000000eb580000)
  object space 36864K, 26% used [0x00000000c2000000,0x00000000c2981188,0x00000000c4400000)
 Metaspace       used 30780K, capacity 31244K, committed 31744K, reserved 1077248K
  class space    used 4272K, capacity 4481K, committed 4608K, reserved 1048576K
Event: 5.767 GC heap after
Heap after GC invocations=11 (full 1):
 PSYoungGen      total 88064K, used 7663K [0x00000000eb580000, 0x00000000f1500000, 0x0000000100000000)
  eden space 80384K, 0% used [0x00000000eb580000,0x00000000eb580000,0x00000000f0400000)
  from space 7680K, 99% used [0x00000000f0d00000,0x00000000f147bd10,0x00000000f1480000)
  to   space 8704K, 0% used [0x00000000f0400000,0x00000000f0400000,0x00000000f0c80000)
 ParOldGen       total 36864K, used 9947K [0x00000000c2000000, 0x00000000c4400000, 0x00000000eb580000)
  object space 36864K, 26% used [0x00000000c2000000,0x00000000c29b6d90,0x00000000c4400000)
 Metaspace       used 30780K, capacity 31244K, committed 31744K, reserved 1077248K
  class space    used 4272K, capacity 4481K, committed 4608K, reserved 1048576K
}

Deoptimization events (10 events):
Event: 5.840 Thread 0x0000000003441000 Uncommon trap: reason=unstable_if action=reinterpret pc=0x0000000003d04e48 method=java.util.HashMap.putVal(ILjava/lang/Object;Ljava/lang/Object;ZZ)Ljava/lang/Object; @ 162
Event: 5.841 Thread 0x0000000003441000 Uncommon trap: reason=unstable_if action=reinterpret pc=0x0000000003824fd0 method=java.util.HashMap.resize()[Ljava/util/HashMap$Node; @ 206
Event: 5.923 Thread 0x0000000003441000 Uncommon trap: reason=unstable_if action=reinterpret pc=0x000000000400ef9c method=java.lang.reflect.Modifier.toString(I)Ljava/lang/String; @ 123
Event: 6.289 Thread 0x0000000003441000 Uncommon trap: reason=bimorphic action=maybe_recompile pc=0x0000000003ce9fe4 method=java.util.regex.Pattern$Start.match(Ljava/util/regex/Matcher;ILjava/lang/CharSequence;)Z @ 44
Event: 6.306 Thread 0x0000000003441000 Uncommon trap: reason=bimorphic action=maybe_recompile pc=0x0000000003ce9fe4 method=java.util.regex.Pattern$Start.match(Ljava/util/regex/Matcher;ILjava/lang/CharSequence;)Z @ 44
Event: 6.306 Thread 0x0000000003441000 Uncommon trap: reason=bimorphic action=maybe_recompile pc=0x0000000003ce9fe4 method=java.util.regex.Pattern$Start.match(Ljava/util/regex/Matcher;ILjava/lang/CharSequence;)Z @ 44
Event: 6.309 Thread 0x0000000003441000 Uncommon trap: reason=bimorphic action=maybe_recompile pc=0x0000000003ce9fe4 method=java.util.regex.Pattern$Start.match(Ljava/util/regex/Matcher;ILjava/lang/CharSequence;)Z @ 44
Event: 6.457 Thread 0x0000000003441000 Uncommon trap: reason=unstable_if action=reinterpret pc=0x000000000395977c method=java.lang.CharacterDataLatin1.isWhitespace(I)Z @ 14
Event: 6.489 Thread 0x0000000003441000 Uncommon trap: reason=unstable_if action=reinterpret pc=0x0000000003bd7f6c method=java.security.CodeSource.getCertificates()[Ljava/security/cert/Certificate; @ 22
Event: 6.505 Thread 0x0000000003441000 Uncommon trap: reason=unstable_if action=reinterpret pc=0x0000000003d4c740 method=java.util.LinkedHashMap.get(Ljava/lang/Object;)Ljava/lang/Object; @ 20

Internal exceptions (10 events):
Event: 6.298 Thread 0x0000000003441000 Exception <a 'java/lang/ClassNotFoundException': com/android/build/gradle/internal/api/DefaultAndroidSourceSetCustomizer> (0x00000000edfaa1e0) thrown at [C:\re\workspace\8-2-build-windows-amd64-cygwin\jdk8u121\8372\hotspot\src\share\vm\classfile\systemDic
Event: 6.300 Thread 0x0000000003441000 Exception <a 'java/lang/ClassNotFoundException': com/android/build/gradle/internal/api/DefaultAndroidSourceSet_DecoratedCustomizer> (0x00000000edffd008) thrown at [C:\re\workspace\8-2-build-windows-amd64-cygwin\jdk8u121\8372\hotspot\src\share\vm\classfile
Event: 6.554 Thread 0x0000000003441000 Exception <a 'java/lang/ClassNotFoundException': com/android/build/gradle/internal/dsl/BuildType_DecoratedBeanInfo> (0x00000000ef0c8390) thrown at [C:\re\workspace\8-2-build-windows-amd64-cygwin\jdk8u121\8372\hotspot\src\share\vm\classfile\systemDictionar
Event: 6.554 Thread 0x0000000003441000 Exception <a 'java/lang/ClassNotFoundException': com/android/build/gradle/internal/dsl/BuildTypeBeanInfo> (0x00000000ef0d9260) thrown at [C:\re\workspace\8-2-build-windows-amd64-cygwin\jdk8u121\8372\hotspot\src\share\vm\classfile\systemDictionary.cpp, lin
Event: 6.555 Thread 0x0000000003441000 Exception <a 'java/lang/ClassNotFoundException': com/android/builder/core/DefaultBuildTypeBeanInfo> (0x00000000ef0e8d30) thrown at [C:\re\workspace\8-2-build-windows-amd64-cygwin\jdk8u121\8372\hotspot\src\share\vm\classfile\systemDictionary.cpp, line 210]
Event: 6.555 Thread 0x0000000003441000 Exception <a 'java/lang/ClassNotFoundException': com/android/builder/internal/BaseConfigImplBeanInfo> (0x00000000ef0f9398) thrown at [C:\re\workspace\8-2-build-windows-amd64-cygwin\jdk8u121\8372\hotspot\src\share\vm\classfile\systemDictionary.cpp, line 21
Event: 6.555 Thread 0x0000000003441000 Exception <a 'java/lang/ClassNotFoundException': com/android/builder/internal/BaseConfigImplCustomizer> (0x00000000ef109df0) thrown at [C:\re\workspace\8-2-build-windows-amd64-cygwin\jdk8u121\8372\hotspot\src\share\vm\classfile\systemDictionary.cpp, line 
Event: 6.558 Thread 0x0000000003441000 Exception <a 'java/lang/ClassNotFoundException': com/android/builder/core/DefaultBuildTypeCustomizer> (0x00000000ef1451b0) thrown at [C:\re\workspace\8-2-build-windows-amd64-cygwin\jdk8u121\8372\hotspot\src\share\vm\classfile\systemDictionary.cpp, line 21
Event: 6.558 Thread 0x0000000003441000 Exception <a 'java/lang/ClassNotFoundException': com/android/build/gradle/internal/dsl/BuildTypeCustomizer> (0x00000000ef1736a0) thrown at [C:\re\workspace\8-2-build-windows-amd64-cygwin\jdk8u121\8372\hotspot\src\share\vm\classfile\systemDictionary.cpp, l
Event: 6.562 Thread 0x0000000003441000 Exception <a 'java/lang/ClassNotFoundException': com/android/build/gradle/internal/dsl/BuildType_DecoratedCustomizer> (0x00000000ef1ba300) thrown at [C:\re\workspace\8-2-build-windows-amd64-cygwin\jdk8u121\8372\hotspot\src\share\vm\classfile\systemDiction

Events (10 events):
Event: 6.580 loading class org/gradle/api/Task
Event: 6.580 loading class org/gradle/api/Task done
Event: 6.580 loading class org/gradle/api/Action
Event: 6.580 loading class org/gradle/api/Action done
Event: 6.583 loading class com/android/build/gradle/internal/scope/AndroidTask
Event: 6.583 loading class com/android/build/gradle/internal/scope/AndroidTask done
Event: 6.584 loading class org/gradle/api/Task
Event: 6.584 loading class org/gradle/api/Task done
Event: 6.584 loading class org/gradle/api/Action
Event: 6.584 loading class org/gradle/api/Action done


Dynamic libraries:
0x00007ff76e6b0000 - 0x00007ff76e6e7000 	C:\ProgramData\Oracle\Java\javapath\java.exe
0x00007ffc28a40000 - 0x00007ffc28c12000 	C:\WINDOWS\SYSTEM32\ntdll.dll
0x00007ffc27940000 - 0x00007ffc279ec000 	C:\WINDOWS\System32\KERNEL32.DLL
0x00007ffc258b0000 - 0x00007ffc25acd000 	C:\WINDOWS\System32\KERNELBASE.dll
0x00007ffc27ab0000 - 0x00007ffc27b52000 	C:\WINDOWS\System32\ADVAPI32.dll
0x00007ffc261d0000 - 0x00007ffc2626e000 	C:\WINDOWS\System32\msvcrt.dll
0x00007ffc26270000 - 0x00007ffc262c9000 	C:\WINDOWS\System32\sechost.dll
0x00007ffc281c0000 - 0x00007ffc282e1000 	C:\WINDOWS\System32\RPCRT4.dll
0x00007ffc27d20000 - 0x00007ffc27e85000 	C:\WINDOWS\System32\USER32.dll
0x00007ffc25b80000 - 0x00007ffc25b9e000 	C:\WINDOWS\System32\win32u.dll
0x00007ffc288f0000 - 0x00007ffc28924000 	C:\WINDOWS\System32\GDI32.dll
0x00007ffc24fe0000 - 0x00007ffc25160000 	C:\WINDOWS\System32\gdi32full.dll
0x00007ffc1d200000 - 0x00007ffc1d47a000 	C:\WINDOWS\WinSxS\amd64_microsoft.windows.common-controls_6595b64144ccf1df_6.0.14393.953_none_42151e83c686086b\COMCTL32.dll
0x00007ffc27e90000 - 0x00007ffc28158000 	C:\WINDOWS\System32\combase.dll
0x00007ffc25bf0000 - 0x00007ffc25ce5000 	C:\WINDOWS\System32\ucrtbase.dll
0x00007ffc25840000 - 0x00007ffc258aa000 	C:\WINDOWS\System32\bcryptPrimitives.dll
0x00007ffc27b60000 - 0x00007ffc27b8e000 	C:\WINDOWS\System32\IMM32.DLL
0x0000000059250000 - 0x0000000059322000 	C:\Program Files\Java\jre1.8.0_121\bin\msvcr100.dll
0x00000000587e0000 - 0x000000005907b000 	C:\Program Files\Java\jre1.8.0_121\bin\server\jvm.dll
0x00007ffc27b90000 - 0x00007ffc27b98000 	C:\WINDOWS\System32\PSAPI.DLL
0x00007ffc21910000 - 0x00007ffc21919000 	C:\WINDOWS\SYSTEM32\WSOCK32.dll
0x00007ffc231f0000 - 0x00007ffc23213000 	C:\WINDOWS\SYSTEM32\WINMM.dll
0x00007ffc1f8e0000 - 0x00007ffc1f8ea000 	C:\WINDOWS\SYSTEM32\VERSION.dll
0x00007ffc27ba0000 - 0x00007ffc27c0a000 	C:\WINDOWS\System32\WS2_32.dll
0x0000000002e70000 - 0x0000000002e9b000 	C:\WINDOWS\SYSTEM32\WINMMBASE.dll
0x00007ffc25ba0000 - 0x00007ffc25be2000 	C:\WINDOWS\System32\cfgmgr32.dll
0x000000005b0a0000 - 0x000000005b0af000 	C:\Program Files\Java\jre1.8.0_121\bin\verify.dll
0x000000005b070000 - 0x000000005b099000 	C:\Program Files\Java\jre1.8.0_121\bin\java.dll
0x0000000059920000 - 0x0000000059936000 	C:\Program Files\Java\jre1.8.0_121\bin\zip.dll
0x00007ffc262d0000 - 0x00007ffc277d8000 	C:\WINDOWS\System32\SHELL32.dll
0x00007ffc25160000 - 0x00007ffc2583a000 	C:\WINDOWS\System32\windows.storage.dll
0x00007ffc24ec0000 - 0x00007ffc24f0c000 	C:\WINDOWS\System32\powrprof.dll
0x00007ffc28160000 - 0x00007ffc281b2000 	C:\WINDOWS\System32\shlwapi.dll
0x00007ffc24f10000 - 0x00007ffc24f1f000 	C:\WINDOWS\System32\kernel.appcore.dll
0x00007ffc25ad0000 - 0x00007ffc25b79000 	C:\WINDOWS\System32\shcore.dll
0x00007ffc24f20000 - 0x00007ffc24f34000 	C:\WINDOWS\System32\profapi.dll
0x0000000059900000 - 0x000000005991a000 	C:\Program Files\Java\jre1.8.0_121\bin\net.dll
0x00007ffc247b0000 - 0x00007ffc2480c000 	C:\WINDOWS\system32\mswsock.dll
0x00000000598e0000 - 0x00000000598f1000 	C:\Program Files\Java\jre1.8.0_121\bin\nio.dll
0x00007ffc195f0000 - 0x00007ffc19602000 	C:\Users\xiaowuzai\.gradle\native\19\windows-amd64\native-platform.dll
0x0000000180000000 - 0x0000000180037000 	C:\Users\xiaowuzai\.gradle\native\jna\win32-amd64\jnidispatch.dll
0x00007ffc24950000 - 0x00007ffc24967000 	C:\WINDOWS\SYSTEM32\CRYPTSP.dll
0x00007ffc243b0000 - 0x00007ffc243e3000 	C:\WINDOWS\system32\rsaenh.dll
0x00007ffc24a70000 - 0x00007ffc24a9b000 	C:\WINDOWS\SYSTEM32\bcrypt.dll
0x00007ffc24630000 - 0x00007ffc2464f000 	C:\WINDOWS\SYSTEM32\USERENV.dll
0x00007ffc24970000 - 0x00007ffc2497b000 	C:\WINDOWS\SYSTEM32\CRYPTBASE.dll
0x00007ffc24530000 - 0x00007ffc24568000 	C:\WINDOWS\SYSTEM32\IPHLPAPI.DLL
0x00007ffc27d10000 - 0x00007ffc27d18000 	C:\WINDOWS\System32\NSI.dll
0x00007ffc1af00000 - 0x00007ffc1af16000 	C:\WINDOWS\SYSTEM32\dhcpcsvc6.DLL
0x00007ffc1aa70000 - 0x00007ffc1aa8a000 	C:\WINDOWS\SYSTEM32\dhcpcsvc.DLL
0x000000005b060000 - 0x000000005b06d000 	C:\Program Files\Java\jre1.8.0_121\bin\management.dll

VM Arguments:
jvm_args: -Dorg.gradle.appname=gradlew 
java_command: org.gradle.wrapper.GradleWrapperMain installDebug
java_class_path (initial): D:\SJQ\gitHub\react-native\android\\gradle\wrapper\gradle-wrapper.jar
Launcher Type: SUN_STANDARD

Environment Variables:
CLASSPATH=D:\SJQ\gitHub\react-native\android\\gradle\wrapper\gradle-wrapper.jar
PATH=C:\ProgramData\Oracle\Java\javapath;C:\Program Files (x86)\Intel\iCLS Client\;C:\Program Files\Intel\iCLS Client\;C:\Windows\system32;C:\Windows;C:\Windows\System32\Wbem;C:\Windows\System32\WindowsPowerShell\v1.0\;C:\Program Files (x86)\Intel\Intel(R) Management Engine Components\DAL;C:\Program Files\Intel\Intel(R) Management Engine Components\DAL;C:\Program Files (x86)\Intel\Intel(R) Management Engine Components\IPT;C:\Program Files\Intel\Intel(R) Management Engine Components\IPT;C:\Program Files (x86)\NVIDIA Corporation\PhysX\Common;C:\Program Files\Java\jdk1.8.0_102\bin;C:\WINDOWS\system32;C:\WINDOWS;C:\WINDOWS\System32\Wbem;C:\WINDOWS\System32\WindowsPowerShell\v1.0\;C:\Program Files\nodejs\;D:\android\android-sdk-windows\platform-tools;C:\Users\xiaowuzai\AppData\Local\Microsoft\WindowsApps;C:\Users\xiaowuzai\AppData\Roaming\npm;C:\Program Files\Microsoft VS Code\bin
USERNAME=xiaowuzai
OS=Windows_NT
PROCESSOR_IDENTIFIER=Intel64 Family 6 Model 78 Stepping 3, GenuineIntel



---------------  S Y S T E M  ---------------

OS: Windows 10.0 , 64 bit Build 14393 (10.0.14393.1198)

CPU:total 4 (2 cores per cpu, 2 threads per core) family 6 model 78 stepping 3, cmov, cx8, fxsr, mmx, sse, sse2, sse3, ssse3, sse4.1, sse4.2, popcnt, avx, avx2, aes, clmul, erms, 3dnowpref, lzcnt, ht, tsc, tscinvbit, bmi1, bmi2, adx

Memory: 4k page, physical 4055172k(277128k free), swap 16638084k(2152k free)

vm_info: Java HotSpot(TM) 64-Bit Server VM (25.121-b13) for windows-amd64 JRE (1.8.0_121-b13), built on Dec 12 2016 18:21:36 by "java_re" with MS VC++ 10.0 (VS2010)

time: Tue Mar 20 09:28:20 2018
elapsed time: 6 seconds (0d 0h 0m 6s)

